#
# There is insufficient memory for the Java Runtime Environment to continue.
# Native memory allocation (malloc) failed to allocate 4096 bytes for AllocateHeap
# Possible reasons:
#   The system is out of physical RAM or swap space
#   The process is running with CompressedOops enabled, and the Java Heap may be blocking the growth of the native heap
# Possible solutions:
#   Reduce memory load on the system
#   Increase physical memory or swap space
#   Check if swap backing store is full
#   Decrease Java heap size (-Xmx/-Xms)
#   Decrease number of Java threads
#   Decrease Java thread stack sizes (-Xss)
#   Set larger code cache with -XX:ReservedCodeCacheSize=
#   JVM is running with Unscaled Compressed Oops mode in which the Java heap is
#     placed in the first 4GB address space. The Java Heap base address is the
#     maximum limit for the native heap growth. Please use -XX:HeapBaseMinAddress
#     to set the Java Heap base and to place the Java Heap above 4GB virtual address.
# This output file may be truncated or incomplete.
#
#  Out of Memory Error (allocation.cpp:44), pid=21116, tid=20004
#
# JRE version: Java(TM) SE Runtime Environment (21.0.3+7) (build 21.0.3+7-LTS-152)
# Java VM: Java HotSpot(TM) 64-Bit Server VM (21.0.3+7-LTS-152, mixed mode, emulated-client, sharing, tiered, compressed oops, compressed class ptrs, g1 gc, windows-amd64)
# No core dump will be written. Minidumps are not enabled by default on client versions of Windows
#

---------------  S U M M A R Y ------------

Command Line: -XX:TieredStopAtLevel=1 -Dspring.output.ansi.enabled=always -Dcom.sun.management.jmxremote -Dspring.jmx.enabled=true -Dspring.liveBeansView.mbeanDomain -Dspring.application.admin.enabled=true -Dmanagement.endpoints.jmx.exposure.include=* -javaagent:D:\IntelliJ IDEA 2025.2\lib\idea_rt.jar=53353 -Dfile.encoding=UTF-8 -Dsun.stdout.encoding=UTF-8 -Dsun.stderr.encoding=UTF-8 org.example.Application

Host: AMD Ryzen 5 5500U with Radeon Graphics         , 12 cores, 7G,  Windows 11 , 64 bit Build 26100 (10.0.26100.4484)
Time: Tue Aug 19 18:56:33 2025 India Standard Time elapsed time: 13.671781 seconds (0d 0h 0m 13s)

---------------  T H R E A D  ---------------

Current thread (0x000001fc897832e0):  WorkerThread "GC Thread#1"    [id=20004, stack(0x00000054cfa00000,0x00000054cfb00000) (1024K)]

Stack: [0x00000054cfa00000,0x00000054cfb00000]
Native frames: (J=compiled Java code, j=interpreted, Vv=VM code, C=native code)
V  [jvm.dll+0x6c63b9]
V  [jvm.dll+0x84fa11]
V  [jvm.dll+0x851f3e]
V  [jvm.dll+0x852613]
V  [jvm.dll+0x27cd46]
V  [jvm.dll+0xbf657]
V  [jvm.dll+0x321c6a]
V  [jvm.dll+0x3ac08b]
V  [jvm.dll+0x3219a9]
V  [jvm.dll+0x69d81c]
V  [jvm.dll+0x321ab4]
V  [jvm.dll+0x69dd08]
V  [jvm.dll+0x321937]
V  [jvm.dll+0x321fb0]
V  [jvm.dll+0x35d007]
V  [jvm.dll+0x3260cc]
V  [jvm.dll+0x329d0d]
V  [jvm.dll+0x35e280]
V  [jvm.dll+0x36972f]
V  [jvm.dll+0x36984b]
V  [jvm.dll+0x87d0e7]
V  [jvm.dll+0x7f9ffb]
V  [jvm.dll+0x6c4a9d]
C  [ucrtbase.dll+0x37b0]
C  [KERNEL32.DLL+0x2e8d7]
C  [ntdll.dll+0x3c34c]


---------------  P R O C E S S  ---------------

Threads class SMR info:
_java_thread_list=0x000001fc8995d4e0, length=18, elements={
0x000001fc30b2c900, 0x000001fc42e61d90, 0x000001fc42e65370, 0x000001fc42e69640,
0x000001fc42e6a0a0, 0x000001fc42e6e220, 0x000001fc42e717a0, 0x000001fc42e7e150,
0x000001fc42e72b50, 0x000001fc42e724c0, 0x000001fc42e703f0, 0x000001fc42e731e0,
0x000001fc42e71e30, 0x000001fc42e73870, 0x000001fc42e71110, 0x000001fc42e70a80,
0x000001fc89e05bc0, 0x000001fc43988600
}

Java Threads: ( => current thread )
  0x000001fc30b2c900 JavaThread "main"                              [_thread_blocked, id=10720, stack(0x00000054ce400000,0x00000054ce500000) (1024K)]
  0x000001fc42e61d90 JavaThread "Reference Handler"          daemon [_thread_blocked, id=22772, stack(0x00000054cec00000,0x00000054ced00000) (1024K)]
  0x000001fc42e65370 JavaThread "Finalizer"                  daemon [_thread_blocked, id=3988, stack(0x00000054ced00000,0x00000054cee00000) (1024K)]
  0x000001fc42e69640 JavaThread "Signal Dispatcher"          daemon [_thread_blocked, id=21216, stack(0x00000054cee00000,0x00000054cef00000) (1024K)]
  0x000001fc42e6a0a0 JavaThread "Attach Listener"            daemon [_thread_blocked, id=23716, stack(0x00000054cef00000,0x00000054cf000000) (1024K)]
  0x000001fc42e6e220 JavaThread "Service Thread"             daemon [_thread_blocked, id=24296, stack(0x00000054cf000000,0x00000054cf100000) (1024K)]
  0x000001fc42e717a0 JavaThread "Monitor Deflation Thread"   daemon [_thread_blocked, id=18752, stack(0x00000054cf100000,0x00000054cf200000) (1024K)]
  0x000001fc42e7e150 JavaThread "C1 CompilerThread0"         daemon [_thread_blocked, id=20332, stack(0x00000054cf200000,0x00000054cf300000) (1024K)]
  0x000001fc42e72b50 JavaThread "Common-Cleaner"             daemon [_thread_blocked, id=6204, stack(0x00000054cf300000,0x00000054cf400000) (1024K)]
  0x000001fc42e724c0 JavaThread "Monitor Ctrl-Break"         daemon [_thread_in_native, id=4092, stack(0x00000054cf600000,0x00000054cf700000) (1024K)]
  0x000001fc42e703f0 JavaThread "Notification Thread"        daemon [_thread_blocked, id=4704, stack(0x00000054cf700000,0x00000054cf800000) (1024K)]
  0x000001fc42e731e0 JavaThread "RMI TCP Accept-0"           daemon [_thread_in_native, id=15000, stack(0x00000054cf900000,0x00000054cfa00000) (1024K)]
  0x000001fc42e71e30 JavaThread "RMI TCP Connection(1)-192.168.1.3" daemon [_thread_blocked, id=17104, stack(0x00000054d0300000,0x00000054d0400000) (1024K)]
  0x000001fc42e73870 JavaThread "RMI Scheduler(0)"           daemon [_thread_blocked, id=19688, stack(0x00000054d0400000,0x00000054d0500000) (1024K)]
  0x000001fc42e71110 JavaThread "JMX server connection timeout 35" daemon [_thread_blocked, id=1108, stack(0x00000054d0500000,0x00000054d0600000) (1024K)]
  0x000001fc42e70a80 JavaThread "RMI TCP Connection(2)-192.168.1.3" daemon [_thread_blocked, id=23020, stack(0x00000054d0600000,0x00000054d0700000) (1024K)]
  0x000001fc89e05bc0 JavaThread "background-preinit"                [_thread_blocked, id=17564, stack(0x00000054d0700000,0x00000054d0800000) (1024K)]
  0x000001fc43988600 JavaThread "C1 CompilerThread1"         daemon [_thread_blocked, id=5804, stack(0x00000054cf400000,0x00000054cf500000) (1024K)]
Total: 18

Other Threads:
  0x000001fc42e42860 VMThread "VM Thread"                           [id=21332, stack(0x00000054ceb00000,0x00000054cec00000) (1024K)]
  0x000001fc42e29400 WatcherThread "VM Periodic Task Thread"        [id=5232, stack(0x00000054cea00000,0x00000054ceb00000) (1024K)]
  0x000001fc32dea020 WorkerThread "GC Thread#0"                     [id=23940, stack(0x00000054ce500000,0x00000054ce600000) (1024K)]
=>0x000001fc897832e0 WorkerThread "GC Thread#1"                     [id=20004, stack(0x00000054cfa00000,0x00000054cfb00000) (1024K)]
  0x000001fc897b4b10 WorkerThread "GC Thread#2"                     [id=6552, stack(0x00000054cfb00000,0x00000054cfc00000) (1024K)]
  0x000001fc897f75c0 WorkerThread "GC Thread#3"                     [id=26232, stack(0x00000054cfc00000,0x00000054cfd00000) (1024K)]
  0x000001fc897f7960 WorkerThread "GC Thread#4"                     [id=23912, stack(0x00000054cfd00000,0x00000054cfe00000) (1024K)]
  0x000001fc897f7d00 WorkerThread "GC Thread#5"                     [id=18876, stack(0x00000054cfe00000,0x00000054cff00000) (1024K)]
  0x000001fc897f80a0 WorkerThread "GC Thread#6"                     [id=14416, stack(0x00000054cff00000,0x00000054d0000000) (1024K)]
  0x000001fc897f8440 WorkerThread "GC Thread#7"                     [id=9328, stack(0x00000054d0000000,0x00000054d0100000) (1024K)]
  0x000001fc897f87e0 WorkerThread "GC Thread#8"                     [id=13584, stack(0x00000054d0100000,0x00000054d0200000) (1024K)]
  0x000001fc89821d90 WorkerThread "GC Thread#9"                     [id=12420, stack(0x00000054d0200000,0x00000054d0300000) (1024K)]
  0x000001fc32df9990 ConcurrentGCThread "G1 Main Marker"            [id=9716, stack(0x00000054ce600000,0x00000054ce700000) (1024K)]
  0x000001fc32dfd130 WorkerThread "G1 Conc#0"                       [id=21036, stack(0x00000054ce700000,0x00000054ce800000) (1024K)]
  0x000001fc32e3e650 ConcurrentGCThread "G1 Refine#0"               [id=11492, stack(0x00000054ce800000,0x00000054ce900000) (1024K)]
  0x000001fc42cfe010 ConcurrentGCThread "G1 Service"                [id=28508, stack(0x00000054ce900000,0x00000054cea00000) (1024K)]
Total: 16

Threads with active compile tasks:
Total: 0

VM state: at safepoint (normal execution)

VM Mutex/Monitor currently owned by a thread:  ([mutex/lock_event])
[0x00007ffd1ebb2da8] Threads_lock - owner thread: 0x000001fc42e42860
[0x00007ffd1ebb2ea8] Heap_lock - owner thread: 0x000001fc89e05bc0

Heap address: 0x000000008ac00000, size: 1876 MB, Compressed Oops mode: 32-bit

CDS archive(s) mapped at: [0x000001fc44000000-0x000001fc44c90000-0x000001fc44c90000), size 13172736, SharedBaseAddress: 0x000001fc44000000, ArchiveRelocationMode: 1.
Compressed class space mapped at: 0x000001fc45000000-0x000001fc85000000, reserved size: 1073741824
Narrow klass base: 0x000001fc44000000, Narrow klass shift: 0, Narrow klass range: 0x100000000

GC Precious Log:
 CardTable entry size: 512
 Card Set container configuration: InlinePtr #cards 5 size 8 Array Of Cards #cards 12 size 40 Howl #buckets 4 coarsen threshold 1843 Howl Bitmap #cards 512 size 80 coarsen threshold 460 Card regions per heap region 1 cards per card region 2048
 CPUs: 12 total, 12 available
 Memory: 7502M
 Large Page Support: Disabled
 NUMA Support: Disabled
 Compressed Oops: Enabled (32-bit)
 Heap Region Size: 1M
 Heap Min Capacity: 8M
 Heap Initial Capacity: 118M
 Heap Max Capacity: 1876M
 Pre-touch: Disabled
 Parallel Workers: 10
 Concurrent Workers: 3
 Concurrent Refinement Workers: 10
 Periodic GC: Disabled

Heap:
 garbage-first heap   total 120832K, used 60278K [0x000000008ac00000, 0x0000000100000000)
  region size 1024K, 51 young (52224K), 6 survivors (6144K)
 Metaspace       used 20878K, committed 21248K, reserved 1114112K
  class space    used 2823K, committed 3008K, reserved 1048576K

Heap Regions: E=young(eden), S=young(survivor), O=old, HS=humongous(starts), HC=humongous(continues), CS=collection set, F=free, TAMS=top-at-mark-start, PB=parsable bottom
|   0|0x000000008ac00000, 0x000000008ad00000, 0x000000008ad00000|100%|HS|  |TAMS 0x000000008ac00000| PB 0x000000008ac00000| Complete 
|   1|0x000000008ad00000, 0x000000008ae00000, 0x000000008ae00000|100%|HS|  |TAMS 0x000000008ad00000| PB 0x000000008ad00000| Complete 
|   2|0x000000008ae00000, 0x000000008af00000, 0x000000008af00000|100%| O|  |TAMS 0x000000008ae00000| PB 0x000000008ae00000| Untracked 
|   3|0x000000008af00000, 0x000000008b000000, 0x000000008b000000|100%| O|  |TAMS 0x000000008af00000| PB 0x000000008af00000| Untracked 
|   4|0x000000008b000000, 0x000000008b100000, 0x000000008b100000|100%| O|  |TAMS 0x000000008b000000| PB 0x000000008b000000| Untracked 
|   5|0x000000008b100000, 0x000000008b200000, 0x000000008b200000|100%| O|  |TAMS 0x000000008b100000| PB 0x000000008b100000| Untracked 
|   6|0x000000008b200000, 0x000000008b300000, 0x000000008b300000|100%| O|  |TAMS 0x000000008b200000| PB 0x000000008b200000| Untracked 
|   7|0x000000008b300000, 0x000000008b400000, 0x000000008b400000|100%| O|  |TAMS 0x000000008b300000| PB 0x000000008b300000| Untracked 
|   8|0x000000008b400000, 0x000000008b500000, 0x000000008b500000|100%| O|  |TAMS 0x000000008b400000| PB 0x000000008b400000| Untracked 
|   9|0x000000008b500000, 0x000000008b600000, 0x000000008b600000|100%| O|  |TAMS 0x000000008b500000| PB 0x000000008b500000| Untracked 
|  10|0x000000008b600000, 0x000000008b700000, 0x000000008b700000|100%| O|  |TAMS 0x000000008b600000| PB 0x000000008b600000| Untracked 
|  11|0x000000008b700000, 0x000000008b79e6c0, 0x000000008b800000| 61%| O|  |TAMS 0x000000008b700000| PB 0x000000008b700000| Untracked 
|  12|0x000000008b800000, 0x000000008b800000, 0x000000008b900000|  0%| F|  |TAMS 0x000000008b800000| PB 0x000000008b800000| Untracked 
|  13|0x000000008b900000, 0x000000008b900000, 0x000000008ba00000|  0%| F|  |TAMS 0x000000008b900000| PB 0x000000008b900000| Untracked 
|  14|0x000000008ba00000, 0x000000008ba00000, 0x000000008bb00000|  0%| F|  |TAMS 0x000000008ba00000| PB 0x000000008ba00000| Untracked 
|  15|0x000000008bb00000, 0x000000008bb00000, 0x000000008bc00000|  0%| F|  |TAMS 0x000000008bb00000| PB 0x000000008bb00000| Untracked 
|  16|0x000000008bc00000, 0x000000008bc00000, 0x000000008bd00000|  0%| F|  |TAMS 0x000000008bc00000| PB 0x000000008bc00000| Untracked 
|  17|0x000000008bd00000, 0x000000008bd00000, 0x000000008be00000|  0%| F|  |TAMS 0x000000008bd00000| PB 0x000000008bd00000| Untracked 
|  18|0x000000008be00000, 0x000000008be00000, 0x000000008bf00000|  0%| F|  |TAMS 0x000000008be00000| PB 0x000000008be00000| Untracked 
|  19|0x000000008bf00000, 0x000000008bf00000, 0x000000008c000000|  0%| F|  |TAMS 0x000000008bf00000| PB 0x000000008bf00000| Untracked 
|  20|0x000000008c000000, 0x000000008c000000, 0x000000008c100000|  0%| F|  |TAMS 0x000000008c000000| PB 0x000000008c000000| Untracked 
|  21|0x000000008c100000, 0x000000008c100000, 0x000000008c200000|  0%| F|  |TAMS 0x000000008c100000| PB 0x000000008c100000| Untracked 
|  22|0x000000008c200000, 0x000000008c200000, 0x000000008c300000|  0%| F|  |TAMS 0x000000008c200000| PB 0x000000008c200000| Untracked 
|  23|0x000000008c300000, 0x000000008c300000, 0x000000008c400000|  0%| F|  |TAMS 0x000000008c300000| PB 0x000000008c300000| Untracked 
|  24|0x000000008c400000, 0x000000008c400000, 0x000000008c500000|  0%| F|  |TAMS 0x000000008c400000| PB 0x000000008c400000| Untracked 
|  25|0x000000008c500000, 0x000000008c500000, 0x000000008c600000|  0%| F|  |TAMS 0x000000008c500000| PB 0x000000008c500000| Untracked 
|  26|0x000000008c600000, 0x000000008c600000, 0x000000008c700000|  0%| F|  |TAMS 0x000000008c600000| PB 0x000000008c600000| Untracked 
|  27|0x000000008c700000, 0x000000008c700000, 0x000000008c800000|  0%| F|  |TAMS 0x000000008c700000| PB 0x000000008c700000| Untracked 
|  28|0x000000008c800000, 0x000000008c800000, 0x000000008c900000|  0%| F|  |TAMS 0x000000008c800000| PB 0x000000008c800000| Untracked 
|  29|0x000000008c900000, 0x000000008c900000, 0x000000008ca00000|  0%| F|  |TAMS 0x000000008c900000| PB 0x000000008c900000| Untracked 
|  30|0x000000008ca00000, 0x000000008ca00000, 0x000000008cb00000|  0%| F|  |TAMS 0x000000008ca00000| PB 0x000000008ca00000| Untracked 
|  31|0x000000008cb00000, 0x000000008cb00000, 0x000000008cc00000|  0%| F|  |TAMS 0x000000008cb00000| PB 0x000000008cb00000| Untracked 
|  32|0x000000008cc00000, 0x000000008cc00000, 0x000000008cd00000|  0%| F|  |TAMS 0x000000008cc00000| PB 0x000000008cc00000| Untracked 
|  33|0x000000008cd00000, 0x000000008cd00000, 0x000000008ce00000|  0%| F|  |TAMS 0x000000008cd00000| PB 0x000000008cd00000| Untracked 
|  34|0x000000008ce00000, 0x000000008ce00000, 0x000000008cf00000|  0%| F|  |TAMS 0x000000008ce00000| PB 0x000000008ce00000| Untracked 
|  35|0x000000008cf00000, 0x000000008cf00000, 0x000000008d000000|  0%| F|  |TAMS 0x000000008cf00000| PB 0x000000008cf00000| Untracked 
|  36|0x000000008d000000, 0x000000008d000000, 0x000000008d100000|  0%| F|  |TAMS 0x000000008d000000| PB 0x000000008d000000| Untracked 
|  37|0x000000008d100000, 0x000000008d100000, 0x000000008d200000|  0%| F|  |TAMS 0x000000008d100000| PB 0x000000008d100000| Untracked 
|  38|0x000000008d200000, 0x000000008d200000, 0x000000008d300000|  0%| F|  |TAMS 0x000000008d200000| PB 0x000000008d200000| Untracked 
|  39|0x000000008d300000, 0x000000008d300000, 0x000000008d400000|  0%| F|  |TAMS 0x000000008d300000| PB 0x000000008d300000| Untracked 
|  40|0x000000008d400000, 0x000000008d400000, 0x000000008d500000|  0%| F|  |TAMS 0x000000008d400000| PB 0x000000008d400000| Untracked 
|  41|0x000000008d500000, 0x000000008d500000, 0x000000008d600000|  0%| F|  |TAMS 0x000000008d500000| PB 0x000000008d500000| Untracked 
|  42|0x000000008d600000, 0x000000008d600000, 0x000000008d700000|  0%| F|  |TAMS 0x000000008d600000| PB 0x000000008d600000| Untracked 
|  43|0x000000008d700000, 0x000000008d700000, 0x000000008d800000|  0%| F|  |TAMS 0x000000008d700000| PB 0x000000008d700000| Untracked 
|  44|0x000000008d800000, 0x000000008d800000, 0x000000008d900000|  0%| F|  |TAMS 0x000000008d800000| PB 0x000000008d800000| Untracked 
|  45|0x000000008d900000, 0x000000008d900000, 0x000000008da00000|  0%| F|  |TAMS 0x000000008d900000| PB 0x000000008d900000| Untracked 
|  46|0x000000008da00000, 0x000000008da00000, 0x000000008db00000|  0%| F|  |TAMS 0x000000008da00000| PB 0x000000008da00000| Untracked 
|  47|0x000000008db00000, 0x000000008db00000, 0x000000008dc00000|  0%| F|  |TAMS 0x000000008db00000| PB 0x000000008db00000| Untracked 
|  48|0x000000008dc00000, 0x000000008dc00000, 0x000000008dd00000|  0%| F|  |TAMS 0x000000008dc00000| PB 0x000000008dc00000| Untracked 
|  49|0x000000008dd00000, 0x000000008dd00000, 0x000000008de00000|  0%| F|  |TAMS 0x000000008dd00000| PB 0x000000008dd00000| Untracked 
|  50|0x000000008de00000, 0x000000008de00000, 0x000000008df00000|  0%| F|  |TAMS 0x000000008de00000| PB 0x000000008de00000| Untracked 
|  51|0x000000008df00000, 0x000000008df00000, 0x000000008e000000|  0%| F|  |TAMS 0x000000008df00000| PB 0x000000008df00000| Untracked 
|  52|0x000000008e000000, 0x000000008e000000, 0x000000008e100000|  0%| F|  |TAMS 0x000000008e000000| PB 0x000000008e000000| Untracked 
|  53|0x000000008e100000, 0x000000008e100000, 0x000000008e200000|  0%| F|  |TAMS 0x000000008e100000| PB 0x000000008e100000| Untracked 
|  54|0x000000008e200000, 0x000000008e200000, 0x000000008e300000|  0%| F|  |TAMS 0x000000008e200000| PB 0x000000008e200000| Untracked 
|  55|0x000000008e300000, 0x000000008e300000, 0x000000008e400000|  0%| F|  |TAMS 0x000000008e300000| PB 0x000000008e300000| Untracked 
|  56|0x000000008e400000, 0x000000008e400000, 0x000000008e500000|  0%| F|  |TAMS 0x000000008e400000| PB 0x000000008e400000| Untracked 
|  57|0x000000008e500000, 0x000000008e500000, 0x000000008e600000|  0%| F|  |TAMS 0x000000008e500000| PB 0x000000008e500000| Untracked 
|  58|0x000000008e600000, 0x000000008e600000, 0x000000008e700000|  0%| F|  |TAMS 0x000000008e600000| PB 0x000000008e600000| Untracked 
|  59|0x000000008e700000, 0x000000008e700000, 0x000000008e800000|  0%| F|  |TAMS 0x000000008e700000| PB 0x000000008e700000| Untracked 
|  60|0x000000008e800000, 0x000000008e800000, 0x000000008e900000|  0%| F|  |TAMS 0x000000008e800000| PB 0x000000008e800000| Untracked 
|  61|0x000000008e900000, 0x000000008e900000, 0x000000008ea00000|  0%| F|  |TAMS 0x000000008e900000| PB 0x000000008e900000| Untracked 
|  62|0x000000008ea00000, 0x000000008ea00000, 0x000000008eb00000|  0%| F|  |TAMS 0x000000008ea00000| PB 0x000000008ea00000| Untracked 
|  63|0x000000008eb00000, 0x000000008eb00000, 0x000000008ec00000|  0%| F|  |TAMS 0x000000008eb00000| PB 0x000000008eb00000| Untracked 
|  64|0x000000008ec00000, 0x000000008ec30910, 0x000000008ed00000| 18%| S|  |TAMS 0x000000008ec00000| PB 0x000000008ec00000| Complete 
|  65|0x000000008ed00000, 0x000000008ee00000, 0x000000008ee00000|100%| S|  |TAMS 0x000000008ed00000| PB 0x000000008ed00000| Complete 
|  66|0x000000008ee00000, 0x000000008ef00000, 0x000000008ef00000|100%| S|  |TAMS 0x000000008ee00000| PB 0x000000008ee00000| Complete 
|  67|0x000000008ef00000, 0x000000008f000000, 0x000000008f000000|100%| S|  |TAMS 0x000000008ef00000| PB 0x000000008ef00000| Complete 
|  68|0x000000008f000000, 0x000000008f100000, 0x000000008f100000|100%| S|  |TAMS 0x000000008f000000| PB 0x000000008f000000| Complete 
|  69|0x000000008f100000, 0x000000008f200000, 0x000000008f200000|100%| S|  |TAMS 0x000000008f100000| PB 0x000000008f100000| Complete 
|  70|0x000000008f200000, 0x000000008f300000, 0x000000008f300000|100%| E|CS|TAMS 0x000000008f200000| PB 0x000000008f200000| Complete 
|  71|0x000000008f300000, 0x000000008f400000, 0x000000008f400000|100%| E|CS|TAMS 0x000000008f300000| PB 0x000000008f300000| Complete 
|  72|0x000000008f400000, 0x000000008f500000, 0x000000008f500000|100%| E|CS|TAMS 0x000000008f400000| PB 0x000000008f400000| Complete 
|  73|0x000000008f500000, 0x000000008f600000, 0x000000008f600000|100%| E|CS|TAMS 0x000000008f500000| PB 0x000000008f500000| Complete 
|  74|0x000000008f600000, 0x000000008f700000, 0x000000008f700000|100%| E|CS|TAMS 0x000000008f600000| PB 0x000000008f600000| Complete 
|  75|0x000000008f700000, 0x000000008f800000, 0x000000008f800000|100%| E|CS|TAMS 0x000000008f700000| PB 0x000000008f700000| Complete 
|  76|0x000000008f800000, 0x000000008f900000, 0x000000008f900000|100%| E|CS|TAMS 0x000000008f800000| PB 0x000000008f800000| Complete 
|  77|0x000000008f900000, 0x000000008fa00000, 0x000000008fa00000|100%| E|CS|TAMS 0x000000008f900000| PB 0x000000008f900000| Complete 
|  78|0x000000008fa00000, 0x000000008fb00000, 0x000000008fb00000|100%| E|CS|TAMS 0x000000008fa00000| PB 0x000000008fa00000| Complete 
|  79|0x000000008fb00000, 0x000000008fc00000, 0x000000008fc00000|100%| E|CS|TAMS 0x000000008fb00000| PB 0x000000008fb00000| Complete 
|  80|0x000000008fc00000, 0x000000008fd00000, 0x000000008fd00000|100%| E|CS|TAMS 0x000000008fc00000| PB 0x000000008fc00000| Complete 
|  81|0x000000008fd00000, 0x000000008fe00000, 0x000000008fe00000|100%| E|CS|TAMS 0x000000008fd00000| PB 0x000000008fd00000| Complete 
|  82|0x000000008fe00000, 0x000000008ff00000, 0x000000008ff00000|100%| E|CS|TAMS 0x000000008fe00000| PB 0x000000008fe00000| Complete 
|  83|0x000000008ff00000, 0x0000000090000000, 0x0000000090000000|100%| E|CS|TAMS 0x000000008ff00000| PB 0x000000008ff00000| Complete 
|  84|0x0000000090000000, 0x0000000090100000, 0x0000000090100000|100%| E|CS|TAMS 0x0000000090000000| PB 0x0000000090000000| Complete 
|  85|0x0000000090100000, 0x0000000090200000, 0x0000000090200000|100%| E|CS|TAMS 0x0000000090100000| PB 0x0000000090100000| Complete 
|  86|0x0000000090200000, 0x0000000090300000, 0x0000000090300000|100%| E|CS|TAMS 0x0000000090200000| PB 0x0000000090200000| Complete 
|  87|0x0000000090300000, 0x0000000090400000, 0x0000000090400000|100%| E|CS|TAMS 0x0000000090300000| PB 0x0000000090300000| Complete 
|  88|0x0000000090400000, 0x0000000090500000, 0x0000000090500000|100%| E|CS|TAMS 0x0000000090400000| PB 0x0000000090400000| Complete 
|  89|0x0000000090500000, 0x000000009053f2d0, 0x0000000090600000| 24%| E|CS|TAMS 0x0000000090500000| PB 0x0000000090500000| Complete 
|  90|0x0000000090600000, 0x0000000090700000, 0x0000000090700000|100%| E|CS|TAMS 0x0000000090600000| PB 0x0000000090600000| Complete 
|  91|0x0000000090700000, 0x0000000090800000, 0x0000000090800000|100%| E|CS|TAMS 0x0000000090700000| PB 0x0000000090700000| Complete 
|  92|0x0000000090800000, 0x0000000090900000, 0x0000000090900000|100%| E|CS|TAMS 0x0000000090800000| PB 0x0000000090800000| Complete 
|  93|0x0000000090900000, 0x0000000090a00000, 0x0000000090a00000|100%| E|CS|TAMS 0x0000000090900000| PB 0x0000000090900000| Complete 
|  94|0x0000000090a00000, 0x0000000090b00000, 0x0000000090b00000|100%| E|CS|TAMS 0x0000000090a00000| PB 0x0000000090a00000| Complete 
|  95|0x0000000090b00000, 0x0000000090c00000, 0x0000000090c00000|100%| E|CS|TAMS 0x0000000090b00000| PB 0x0000000090b00000| Complete 
|  96|0x0000000090c00000, 0x0000000090d00000, 0x0000000090d00000|100%| E|CS|TAMS 0x0000000090c00000| PB 0x0000000090c00000| Complete 
|  97|0x0000000090d00000, 0x0000000090e00000, 0x0000000090e00000|100%| E|CS|TAMS 0x0000000090d00000| PB 0x0000000090d00000| Complete 
|  98|0x0000000090e00000, 0x0000000090f00000, 0x0000000090f00000|100%| E|CS|TAMS 0x0000000090e00000| PB 0x0000000090e00000| Complete 
|  99|0x0000000090f00000, 0x0000000091000000, 0x0000000091000000|100%| E|CS|TAMS 0x0000000090f00000| PB 0x0000000090f00000| Complete 
| 100|0x0000000091000000, 0x0000000091100000, 0x0000000091100000|100%| E|CS|TAMS 0x0000000091000000| PB 0x0000000091000000| Complete 
| 101|0x0000000091100000, 0x0000000091200000, 0x0000000091200000|100%| E|CS|TAMS 0x0000000091100000| PB 0x0000000091100000| Complete 
| 102|0x0000000091200000, 0x0000000091300000, 0x0000000091300000|100%| E|CS|TAMS 0x0000000091200000| PB 0x0000000091200000| Complete 
| 103|0x0000000091300000, 0x0000000091400000, 0x0000000091400000|100%| E|CS|TAMS 0x0000000091300000| PB 0x0000000091300000| Complete 
| 104|0x0000000091400000, 0x0000000091500000, 0x0000000091500000|100%| E|CS|TAMS 0x0000000091400000| PB 0x0000000091400000| Complete 
| 105|0x0000000091500000, 0x0000000091600000, 0x0000000091600000|100%| E|CS|TAMS 0x0000000091500000| PB 0x0000000091500000| Complete 
| 106|0x0000000091600000, 0x0000000091700000, 0x0000000091700000|100%| E|CS|TAMS 0x0000000091600000| PB 0x0000000091600000| Complete 
| 107|0x0000000091700000, 0x0000000091800000, 0x0000000091800000|100%| E|CS|TAMS 0x0000000091700000| PB 0x0000000091700000| Complete 
| 108|0x0000000091800000, 0x0000000091900000, 0x0000000091900000|100%| E|CS|TAMS 0x0000000091800000| PB 0x0000000091800000| Complete 
| 109|0x0000000091900000, 0x0000000091a00000, 0x0000000091a00000|100%| E|CS|TAMS 0x0000000091900000| PB 0x0000000091900000| Complete 
| 110|0x0000000091a00000, 0x0000000091b00000, 0x0000000091b00000|100%| E|CS|TAMS 0x0000000091a00000| PB 0x0000000091a00000| Complete 
| 111|0x0000000091b00000, 0x0000000091c00000, 0x0000000091c00000|100%| E|CS|TAMS 0x0000000091b00000| PB 0x0000000091b00000| Complete 
| 112|0x0000000091c00000, 0x0000000091d00000, 0x0000000091d00000|100%| E|CS|TAMS 0x0000000091c00000| PB 0x0000000091c00000| Complete 
| 113|0x0000000091d00000, 0x0000000091e00000, 0x0000000091e00000|100%| E|CS|TAMS 0x0000000091d00000| PB 0x0000000091d00000| Complete 
| 114|0x0000000091e00000, 0x0000000091f00000, 0x0000000091f00000|100%| E|CS|TAMS 0x0000000091e00000| PB 0x0000000091e00000| Complete 
| 115|0x0000000091f00000, 0x0000000092000000, 0x0000000092000000|100%| E|CS|TAMS 0x0000000091f00000| PB 0x0000000091f00000| Complete 
| 116|0x0000000092000000, 0x0000000092100000, 0x0000000092100000|100%| E|CS|TAMS 0x0000000092000000| PB 0x0000000092000000| Complete 
| 117|0x0000000092100000, 0x0000000092200000, 0x0000000092200000|100%| E|CS|TAMS 0x0000000092100000| PB 0x0000000092100000| Complete 

Card table byte_map: [0x000001fc3e8d0000,0x000001fc3ec80000] _byte_map_base: 0x000001fc3e47a000

Marking Bits: (CMBitMap*) 0x000001fc32dea630
 Bits: [0x000001fc3ec80000, 0x000001fc409d0000)

Polling page: 0x000001fc30d40000

Metaspace:

Usage:
  Non-class:     17.63 MB used.
      Class:      2.76 MB used.
       Both:     20.39 MB used.

Virtual space:
  Non-class space:       64.00 MB reserved,      17.81 MB ( 28%) committed,  1 nodes.
      Class space:        1.00 GB reserved,       2.94 MB ( <1%) committed,  1 nodes.
             Both:        1.06 GB reserved,      20.75 MB (  2%) committed. 

Chunk freelists:
   Non-Class:  13.44 MB
       Class:  13.02 MB
        Both:  26.45 MB

MaxMetaspaceSize: unlimited
CompressedClassSpaceSize: 1.00 GB
Initial GC threshold: 21.00 MB
Current GC threshold: 21.00 MB
CDS: on
 - commit_granule_bytes: 65536.
 - commit_granule_words: 8192.
 - virtual_space_node_default_size: 8388608.
 - enlarge_chunks_in_place: 1.
 - use_allocation_guard: 0.


Internal statistics:

num_allocs_failed_limit: 0.
num_arena_births: 500.
num_arena_deaths: 0.
num_vsnodes_births: 2.
num_vsnodes_deaths: 0.
num_space_committed: 332.
num_space_uncommitted: 0.
num_chunks_returned_to_freelist: 0.
num_chunks_taken_from_freelist: 1168.
num_chunk_merges: 0.
num_chunk_splits: 777.
num_chunks_enlarged: 511.
num_inconsistent_stats: 0.

CodeCache: size=49152Kb used=6370Kb max_used=7207Kb free=42781Kb
 bounds [0x000001fc3b1f0000, 0x000001fc3b900000, 0x000001fc3e1f0000]
 total_blobs=3484 nmethods=2956 adapters=450
 compilation: enabled
              stopped_count=0, restarted_count=0
 full_count=0

Compilation events (20 events):
Event: 8.562 Thread 0x000001fc42e7e150 2947       1       java.util.stream.Nodes$SpinedNodeBuilder::copyInto (30 bytes)
Event: 8.562 Thread 0x000001fc43988600 nmethod 2946 0x000001fc3b8b3790 code [0x000001fc3b8b3960, 0x000001fc3b8b3be0]
Event: 8.562 Thread 0x000001fc43988600 2949       1       java.util.Spliterators$1Adapter::hasNext (23 bytes)
Event: 8.562 Thread 0x000001fc42e7e150 nmethod 2947 0x000001fc3b8b3490 code [0x000001fc3b8b3640, 0x000001fc3b8b3728]
Event: 8.562 Thread 0x000001fc43988600 nmethod 2949 0x000001fc3b8b3110 code [0x000001fc3b8b32c0, 0x000001fc3b8b33d8]
Event: 8.563 Thread 0x000001fc43987860 nmethod 2948 0x000001fc3b8b2510 code [0x000001fc3b8b2720, 0x000001fc3b8b2e90]
Event: 8.992 Thread 0x000001fc43987860 2950       1       java.io.ObjectStreamField::setOffset (6 bytes)
Event: 8.992 Thread 0x000001fc43987860 nmethod 2950 0x000001fc3b8b2210 code [0x000001fc3b8b23a0, 0x000001fc3b8b2468]
Event: 8.992 Thread 0x000001fc43987860 2951       1       java.io.ObjectOutputStream::writeUTF (9 bytes)
Event: 8.992 Thread 0x000001fc43988600 2952       1       java.io.ObjectOutputStream$BlockDataOutputStream::writeUTF (11 bytes)
Event: 8.992 Thread 0x000001fc43987860 nmethod 2951 0x000001fc3b8b1e10 code [0x000001fc3b8b1fc0, 0x000001fc3b8b20f0]
Event: 8.992 Thread 0x000001fc43988600 nmethod 2952 0x000001fc3b8b1a90 code [0x000001fc3b8b1c40, 0x000001fc3b8b1d68]
Event: 9.592 Thread 0x000001fc43988600 2953       1       java.io.ObjectStreamClass::lookup (26 bytes)
Event: 9.592 Thread 0x000001fc43988600 nmethod 2953 0x000001fc3b8b1690 code [0x000001fc3b8b1860, 0x000001fc3b8b19e8]
Event: 9.593 Thread 0x000001fc43988600 2954       1       java.io.ObjectInputStream$HandleTable::lookupException (29 bytes)
Event: 9.593 Thread 0x000001fc42e7e150 2955       1       java.lang.Exception::<init> (6 bytes)
Event: 9.593 Thread 0x000001fc43988600 nmethod 2954 0x000001fc3b8b1210 code [0x000001fc3b8b13c0, 0x000001fc3b8b1560]
Event: 9.593 Thread 0x000001fc42e7e150 nmethod 2955 0x000001fc3b8b0d10 code [0x000001fc3b8b0ec0, 0x000001fc3b8b1158]
Event: 9.594 Thread 0x000001fc42e7e150 2956   !   1       java.util.concurrent.CopyOnWriteArrayList::add (46 bytes)
Event: 9.595 Thread 0x000001fc42e7e150 nmethod 2956 0x000001fc3b8b0590 code [0x000001fc3b8b0760, 0x000001fc3b8b0ae0]

GC Heap History (5 events):
Event: 1.181 GC heap before
{Heap before GC invocations=0 (full 0):
 garbage-first heap   total 120832K, used 24576K [0x000000008ac00000, 0x0000000100000000)
  region size 1024K, 23 young (23552K), 0 survivors (0K)
 Metaspace       used 6663K, committed 6912K, reserved 1114112K
  class space    used 785K, committed 896K, reserved 1048576K
}
Event: 1.195 GC heap after
{Heap after GC invocations=1 (full 0):
 garbage-first heap   total 120832K, used 11424K [0x000000008ac00000, 0x0000000100000000)
  region size 1024K, 3 young (3072K), 3 survivors (3072K)
 Metaspace       used 6663K, committed 6912K, reserved 1114112K
  class space    used 785K, committed 896K, reserved 1048576K
}
Event: 3.904 GC heap before
{Heap before GC invocations=1 (full 0):
 garbage-first heap   total 120832K, used 34976K [0x000000008ac00000, 0x0000000100000000)
  region size 1024K, 26 young (26624K), 3 survivors (3072K)
 Metaspace       used 12030K, committed 12416K, reserved 1114112K
  class space    used 1651K, committed 1792K, reserved 1048576K
}
Event: 3.910 GC heap after
{Heap after GC invocations=2 (full 0):
 garbage-first heap   total 120832K, used 14198K [0x000000008ac00000, 0x0000000100000000)
  region size 1024K, 3 young (3072K), 3 survivors (3072K)
 Metaspace       used 12030K, committed 12416K, reserved 1114112K
  class space    used 1651K, committed 1792K, reserved 1048576K
}
Event: 9.600 GC heap before
{Heap before GC invocations=2 (full 0):
 garbage-first heap   total 120832K, used 59254K [0x000000008ac00000, 0x0000000100000000)
  region size 1024K, 48 young (49152K), 3 survivors (3072K)
 Metaspace       used 20878K, committed 21248K, reserved 1114112K
  class space    used 2823K, committed 3008K, reserved 1048576K
}

Dll operation events (10 events):
Event: 0.016 Loaded shared library C:\Program Files\Java\jdk-21\bin\java.dll
Event: 0.231 Loaded shared library C:\Program Files\Java\jdk-21\bin\zip.dll
Event: 0.237 Loaded shared library C:\Program Files\Java\jdk-21\bin\instrument.dll
Event: 0.244 Loaded shared library C:\Program Files\Java\jdk-21\bin\net.dll
Event: 0.246 Loaded shared library C:\Program Files\Java\jdk-21\bin\nio.dll
Event: 0.251 Loaded shared library C:\Program Files\Java\jdk-21\bin\zip.dll
Event: 0.522 Loaded shared library C:\Program Files\Java\jdk-21\bin\jimage.dll
Event: 0.528 Loaded shared library C:\Program Files\Java\jdk-21\bin\extnet.dll
Event: 0.554 Loaded shared library C:\Program Files\Java\jdk-21\bin\management.dll
Event: 0.569 Loaded shared library C:\Program Files\Java\jdk-21\bin\management_ext.dll

Deoptimization events (0 events):
No events

Classes loaded (20 events):
Event: 6.349 Loading class java/util/concurrent/ConcurrentLinkedQueue$Node
Event: 6.349 Loading class java/util/concurrent/ConcurrentLinkedQueue$Node done
Event: 6.351 Loading class java/util/concurrent/atomic/AtomicLongArray
Event: 6.351 Loading class java/util/concurrent/atomic/AtomicLongArray done
Event: 6.351 Loading class java/lang/invoke/VarHandleLongs$Array
Event: 6.352 Loading class java/lang/invoke/VarHandleLongs$Array done
Event: 6.352 Loading class java/util/concurrent/atomic/AtomicReferenceArray
Event: 6.352 Loading class java/util/concurrent/atomic/AtomicReferenceArray done
Event: 6.352 Loading class java/lang/invoke/VarHandleReferences$Array
Event: 6.352 Loading class java/lang/invoke/VarHandleReferences$Array done
Event: 6.373 Loading class sun/text/resources/cldr/FormatData_en
Event: 6.373 Loading class sun/text/resources/cldr/FormatData_en done
Event: 6.374 Loading class sun/text/resources/cldr/FormatData_en_US
Event: 6.374 Loading class sun/text/resources/cldr/FormatData_en_US done
Event: 6.382 Loading class java/io/CharArrayReader
Event: 6.382 Loading class java/io/CharArrayReader done
Event: 8.487 Loading class javax/management/openmbean/CompositeDataSupport
Event: 8.487 Loading class javax/management/openmbean/CompositeDataSupport done
Event: 8.488 Loading class javax/management/openmbean/OpenDataException
Event: 8.488 Loading class javax/management/openmbean/OpenDataException done

Classes unloaded (0 events):
No events

Classes redefined (0 events):
No events

Internal exceptions (20 events):
Event: 3.714 Thread 0x000001fc30b2c900 Exception <a 'java/lang/NoSuchMethodError'{0x00000000913b3d90}: 'void java.lang.invoke.DirectMethodHandle$Holder.invokeSpecial(java.lang.Object, java.lang.Object, java.lang.Object, java.lang.Object, java.lang.Object)'> (0x00000000913b3d90) 
thrown [s\open\src\hotspot\share\interpreter\linkResolver.cpp, line 773]
Event: 3.724 Thread 0x000001fc30b2c900 Exception <a 'java/lang/NoSuchMethodError'{0x00000000913fb798}: 'int java.lang.invoke.DirectMethodHandle$Holder.invokeVirtual(java.lang.Object, java.lang.Object)'> (0x00000000913fb798) 
thrown [s\open\src\hotspot\share\interpreter\linkResolver.cpp, line 773]
Event: 3.742 Thread 0x000001fc30b2c900 Exception <a 'java/lang/NoSuchMethodError'{0x0000000091291ef8}: 'java.lang.Object java.lang.invoke.DirectMethodHandle$Holder.invokeSpecial(java.lang.Object, java.lang.Object, java.lang.Object, int, java.lang.Object)'> (0x0000000091291ef8) 
thrown [s\open\src\hotspot\share\interpreter\linkResolver.cpp, line 773]
Event: 3.743 Thread 0x000001fc30b2c900 Exception <a 'java/lang/NoSuchMethodError'{0x00000000912996f0}: 'java.lang.Object java.lang.invoke.DirectMethodHandle$Holder.newInvokeSpecial(java.lang.Object, java.lang.Object, java.lang.Object, int, java.lang.Object)'> (0x00000000912996f0) 
thrown [s\open\src\hotspot\share\interpreter\linkResolver.cpp, line 773]
Event: 3.743 Thread 0x000001fc30b2c900 Exception <a 'java/lang/NoSuchMethodError'{0x00000000912a0ba8}: 'java.lang.Object java.lang.invoke.Invokers$Holder.linkToTargetMethod(java.lang.Object, java.lang.Object, int, java.lang.Object, java.lang.Object)'> (0x00000000912a0ba8) 
thrown [s\open\src\hotspot\share\interpreter\linkResolver.cpp, line 773]
Event: 3.744 Thread 0x000001fc30b2c900 Exception <a 'java/lang/NoSuchMethodError'{0x00000000912ae110}: 'java.lang.Object java.lang.invoke.DirectMethodHandle$Holder.newInvokeSpecial(java.lang.Object, int, java.lang.Object)'> (0x00000000912ae110) 
thrown [s\open\src\hotspot\share\interpreter\linkResolver.cpp, line 773]
Event: 3.744 Thread 0x000001fc30b2c900 Exception <a 'java/lang/NoSuchMethodError'{0x00000000912b1dc0}: 'int java.lang.invoke.DirectMethodHandle$Holder.invokeSpecialIFC(java.lang.Object, java.lang.Object, java.lang.Object, java.lang.Object)'> (0x00000000912b1dc0) 
thrown [s\open\src\hotspot\share\interpreter\linkResolver.cpp, line 773]
Event: 3.759 Thread 0x000001fc30b2c900 Exception <a 'java/lang/NoSuchMethodError'{0x0000000091194438}: 'void java.lang.invoke.DirectMethodHandle$Holder.invokeInterface(java.lang.Object, java.lang.Object, java.lang.Object)'> (0x0000000091194438) 
thrown [s\open\src\hotspot\share\interpreter\linkResolver.cpp, line 773]
Event: 3.774 Thread 0x000001fc30b2c900 Exception <a 'java/lang/NoSuchMethodError'{0x000000009101e2e8}: 'java.lang.Object java.lang.invoke.DirectMethodHandle$Holder.invokeVirtual(java.lang.Object, java.lang.Object, java.lang.Object)'> (0x000000009101e2e8) 
thrown [s\open\src\hotspot\share\interpreter\linkResolver.cpp, line 773]
Event: 3.798 Thread 0x000001fc30b2c900 Exception <a 'java/lang/NoSuchMethodError'{0x0000000090f06a88}: 'void java.lang.invoke.DirectMethodHandle$Holder.invokeStatic(java.lang.Object, java.lang.Object, int)'> (0x0000000090f06a88) 
thrown [s\open\src\hotspot\share\interpreter\linkResolver.cpp, line 773]
Event: 3.802 Thread 0x000001fc30b2c900 Exception <a 'java/lang/NoSuchMethodError'{0x0000000090f161e0}: 'void java.lang.invoke.DirectMethodHandle$Holder.invokeStaticInit(java.lang.Object, java.lang.Object, java.lang.Object)'> (0x0000000090f161e0) 
thrown [s\open\src\hotspot\share\interpreter\linkResolver.cpp, line 773]
Event: 3.822 Thread 0x000001fc30b2c900 Exception <a 'java/lang/NoSuchMethodError'{0x0000000090fc1fa0}: 'void java.lang.invoke.DirectMethodHandle$Holder.invokeVirtual(java.lang.Object, java.lang.Object, java.lang.Object, java.lang.Object)'> (0x0000000090fc1fa0) 
thrown [s\open\src\hotspot\share\interpreter\linkResolver.cpp, line 773]
Event: 3.887 Thread 0x000001fc30b2c900 Exception <a 'java/lang/NoSuchMethodError'{0x0000000090c24358}: 'java.lang.reflect.Field[] java.lang.Class.getDeclaredFields(java.lang.Class)'> (0x0000000090c24358) 
thrown [s\open\src\hotspot\share\interpreter\linkResolver.cpp, line 773]
Event: 3.888 Thread 0x000001fc30b2c900 Exception <a 'java/lang/NoSuchMethodError'{0x0000000090c28ba8}: 'java.lang.Object java.lang.invoke.DirectMethodHandle$Holder.invokeStatic(java.lang.Object, java.lang.Object, int)'> (0x0000000090c28ba8) 
thrown [s\open\src\hotspot\share\interpreter\linkResolver.cpp, line 773]
Event: 3.888 Thread 0x000001fc30b2c900 Exception <a 'java/lang/NoSuchMethodError'{0x0000000090c33a78}: 'void java.lang.invoke.DelegatingMethodHandle$Holder.delegate(java.lang.Object, java.lang.Object, int, java.lang.Object)'> (0x0000000090c33a78) 
thrown [s\open\src\hotspot\share\interpreter\linkResolver.cpp, line 773]
Event: 3.898 Thread 0x000001fc30b2c900 Exception <a 'java/lang/IncompatibleClassChangeError'{0x0000000090b5bf90}: Found class java.lang.Object, but interface was expected> (0x0000000090b5bf90) 
thrown [s\open\src\hotspot\share\interpreter\linkResolver.cpp, line 840]
Event: 6.215 Thread 0x000001fc30b2c900 Exception <a 'java/lang/NoSuchMethodError'{0x0000000090d4c410}: 'int java.lang.invoke.DirectMethodHandle$Holder.invokeSpecial(java.lang.Object, java.lang.Object, java.lang.Object, java.lang.Object, java.lang.Object)'> (0x0000000090d4c410) 
thrown [s\open\src\hotspot\share\interpreter\linkResolver.cpp, line 773]
Event: 6.216 Thread 0x000001fc30b2c900 Exception <a 'java/lang/NoSuchMethodError'{0x0000000090d54288}: 'void java.lang.invoke.DirectMethodHandle$Holder.invokeVirtual(java.lang.Object, java.lang.Object)'> (0x0000000090d54288) 
thrown [s\open\src\hotspot\share\interpreter\linkResolver.cpp, line 773]
Event: 8.484 Thread 0x000001fc42e70a80 Exception <a 'java/lang/NoSuchMethodError'{0x000000008f911b40}: 'long java.lang.invoke.DirectMethodHandle$Holder.invokeVirtual(java.lang.Object, java.lang.Object)'> (0x000000008f911b40) 
thrown [s\open\src\hotspot\share\interpreter\linkResolver.cpp, line 773]
Event: 8.485 Thread 0x000001fc42e70a80 Exception <a 'java/lang/NoSuchMethodError'{0x000000008f9150c0}: 'long java.lang.invoke.DelegatingMethodHandle$Holder.reinvoke_L(java.lang.Object, java.lang.Object)'> (0x000000008f9150c0) 
thrown [s\open\src\hotspot\share\interpreter\linkResolver.cpp, line 773]

ZGC Phase Switch (0 events):
No events

VM Operations (20 events):
Event: 3.876 Executing VM operation: HandshakeAllThreads (Deoptimize) done
Event: 3.890 Executing VM operation: ICBufferFull
Event: 3.890 Executing VM operation: ICBufferFull done
Event: 3.904 Executing VM operation: G1CollectForAllocation (G1 Evacuation Pause)
Event: 3.910 Executing VM operation: G1CollectForAllocation (G1 Evacuation Pause) done
Event: 4.097 Executing VM operation: HandshakeAllThreads (Deoptimize)
Event: 4.097 Executing VM operation: HandshakeAllThreads (Deoptimize) done
Event: 5.104 Executing VM operation: Cleanup
Event: 5.135 Executing VM operation: Cleanup done
Event: 6.145 Executing VM operation: Cleanup
Event: 6.177 Executing VM operation: Cleanup done
Event: 6.198 Executing VM operation: HandshakeAllThreads (Deoptimize)
Event: 6.198 Executing VM operation: HandshakeAllThreads (Deoptimize) done
Event: 7.207 Executing VM operation: Cleanup
Event: 7.438 Executing VM operation: Cleanup done
Event: 8.453 Executing VM operation: Cleanup
Event: 8.484 Executing VM operation: Cleanup done
Event: 9.498 Executing VM operation: Cleanup
Event: 9.591 Executing VM operation: Cleanup done
Event: 9.600 Executing VM operation: G1CollectForAllocation (G1 Evacuation Pause)

Events (20 events):
Event: 3.530 Thread 0x000001fc89c51ea0 Thread exited: 0x000001fc89c51ea0
Event: 3.883 Thread 0x000001fc89e05bc0 Thread added: 0x000001fc89e05bc0
Event: 4.034 Thread 0x000001fc89e06f70 Thread added: 0x000001fc89e06f70
Event: 4.043 Thread 0x000001fc89e06f70 Thread exited: 0x000001fc89e06f70
Event: 5.136 Thread 0x000001fc89e06f70 Thread added: 0x000001fc89e06f70
Event: 5.144 Thread 0x000001fc89e06f70 Thread exited: 0x000001fc89e06f70
Event: 5.647 Thread 0x000001fc89e06250 Thread added: 0x000001fc89e06250
Event: 5.648 Thread 0x000001fc439863f0 Thread exited: 0x000001fc439863f0
Event: 5.653 Thread 0x000001fc89e06250 Thread exited: 0x000001fc89e06250
Event: 6.178 Thread 0x000001fc89e07600 Thread added: 0x000001fc89e07600
Event: 6.178 Thread 0x000001fc43987860 Thread exited: 0x000001fc43987860
Event: 6.178 Thread 0x000001fc43989a70 Thread exited: 0x000001fc43989a70
Event: 6.223 Thread 0x000001fc43988600 Thread added: 0x000001fc43988600
Event: 6.366 Thread 0x000001fc43987860 Thread added: 0x000001fc43987860
Event: 6.366 Thread 0x000001fc43988cd0 Thread added: 0x000001fc43988cd0
Event: 7.448 Thread 0x000001fc43988cd0 Thread exited: 0x000001fc43988cd0
Event: 8.487 Thread 0x000001fc89e07600 Thread exited: 0x000001fc89e07600
Event: 8.990 Thread 0x000001fc89e06f70 Thread added: 0x000001fc89e06f70
Event: 9.592 Thread 0x000001fc43987860 Thread exited: 0x000001fc43987860
Event: 9.595 Thread 0x000001fc89e06f70 Thread exited: 0x000001fc89e06f70


Dynamic libraries:
0x00007ff74fae0000 - 0x00007ff74faf0000 	C:\Program Files\Java\jdk-21\bin\java.exe
0x00007ffd7a180000 - 0x00007ffd7a3e8000 	C:\WINDOWS\SYSTEM32\ntdll.dll
0x00007ffd78720000 - 0x00007ffd787e9000 	C:\WINDOWS\System32\KERNEL32.DLL
0x00007ffd772d0000 - 0x00007ffd776bd000 	C:\WINDOWS\System32\KERNELBASE.dll
0x00007ffd77870000 - 0x00007ffd779bb000 	C:\WINDOWS\System32\ucrtbase.dll
0x00007ffd603d0000 - 0x00007ffd603eb000 	C:\Program Files\Java\jdk-21\bin\VCRUNTIME140.dll
0x00007ffd69a30000 - 0x00007ffd69a49000 	C:\Program Files\Java\jdk-21\bin\jli.dll
0x00007ffd791e0000 - 0x00007ffd79294000 	C:\WINDOWS\System32\ADVAPI32.dll
0x00007ffd78010000 - 0x00007ffd780b9000 	C:\WINDOWS\System32\msvcrt.dll
0x00007ffd77f30000 - 0x00007ffd77fd6000 	C:\WINDOWS\System32\sechost.dll
0x00007ffd79e80000 - 0x00007ffd79f98000 	C:\WINDOWS\System32\RPCRT4.dll
0x00007ffd78f90000 - 0x00007ffd7915c000 	C:\WINDOWS\System32\USER32.dll
0x00007ffd5f080000 - 0x00007ffd5f31a000 	C:\WINDOWS\WinSxS\amd64_microsoft.windows.common-controls_6595b64144ccf1df_6.0.26100.4484_none_3e0e6d4ce32ef3b3\COMCTL32.dll
0x00007ffd776c0000 - 0x00007ffd776e7000 	C:\WINDOWS\System32\win32u.dll
0x00007ffd77fe0000 - 0x00007ffd7800b000 	C:\WINDOWS\System32\GDI32.dll
0x00007ffd77b10000 - 0x00007ffd77c47000 	C:\WINDOWS\System32\gdi32full.dll
0x00007ffd77dd0000 - 0x00007ffd77e73000 	C:\WINDOWS\System32\msvcp_win.dll
0x00007ffd6f950000 - 0x00007ffd6f95b000 	C:\WINDOWS\SYSTEM32\VERSION.dll
0x00007ffd78530000 - 0x00007ffd7855f000 	C:\WINDOWS\System32\IMM32.DLL
0x00007ffd69b60000 - 0x00007ffd69b6c000 	C:\Program Files\Java\jdk-21\bin\vcruntime140_1.dll
0x00007ffd4e0a0000 - 0x00007ffd4e12e000 	C:\Program Files\Java\jdk-21\bin\msvcp140.dll
0x00007ffd1df80000 - 0x00007ffd1ec8d000 	C:\Program Files\Java\jdk-21\bin\server\jvm.dll
0x00007ffd784b0000 - 0x00007ffd78524000 	C:\WINDOWS\System32\WS2_32.dll
0x00007ffd76f80000 - 0x00007ffd76fde000 	C:\WINDOWS\SYSTEM32\POWRPROF.dll
0x00007ffd6f910000 - 0x00007ffd6f945000 	C:\WINDOWS\SYSTEM32\WINMM.dll
0x00007ffd76f60000 - 0x00007ffd76f74000 	C:\WINDOWS\SYSTEM32\UMPDC.dll
0x00007ffd76070000 - 0x00007ffd7608b000 	C:\WINDOWS\SYSTEM32\kernel.appcore.dll
0x00007ffd69b30000 - 0x00007ffd69b3a000 	C:\Program Files\Java\jdk-21\bin\jimage.dll
0x00007ffd6adb0000 - 0x00007ffd6aff1000 	C:\WINDOWS\SYSTEM32\DBGHELP.DLL
0x00007ffd788f0000 - 0x00007ffd78c76000 	C:\WINDOWS\System32\combase.dll
0x00007ffd78d10000 - 0x00007ffd78df0000 	C:\WINDOWS\System32\OLEAUT32.dll
0x00007ffd5a0d0000 - 0x00007ffd5a113000 	C:\WINDOWS\SYSTEM32\dbgcore.DLL
0x00007ffd77e80000 - 0x00007ffd77f19000 	C:\WINDOWS\System32\bcryptPrimitives.dll
0x00007ffd69a20000 - 0x00007ffd69a2f000 	C:\Program Files\Java\jdk-21\bin\instrument.dll
0x00007ffd5d420000 - 0x00007ffd5d43f000 	C:\Program Files\Java\jdk-21\bin\java.dll
0x00007ffd792a0000 - 0x00007ffd799ea000 	C:\WINDOWS\System32\SHELL32.dll
0x00007ffd776f0000 - 0x00007ffd77864000 	C:\WINDOWS\System32\wintypes.dll
0x00007ffd74f10000 - 0x00007ffd7576b000 	C:\WINDOWS\SYSTEM32\windows.storage.dll
0x00007ffd787f0000 - 0x00007ffd788e5000 	C:\WINDOWS\System32\SHCORE.dll
0x00007ffd79160000 - 0x00007ffd791ca000 	C:\WINDOWS\System32\shlwapi.dll
0x00007ffd771e0000 - 0x00007ffd7720f000 	C:\WINDOWS\SYSTEM32\profapi.dll
0x00007ffd54f30000 - 0x00007ffd54f48000 	C:\Program Files\Java\jdk-21\bin\zip.dll
0x00007ffd69a60000 - 0x00007ffd69a70000 	C:\Program Files\Java\jdk-21\bin\net.dll
0x00007ffd70030000 - 0x00007ffd7014e000 	C:\WINDOWS\SYSTEM32\WINHTTP.dll
0x00007ffd76600000 - 0x00007ffd7666a000 	C:\WINDOWS\system32\mswsock.dll
0x00007ffd5a420000 - 0x00007ffd5a436000 	C:\Program Files\Java\jdk-21\bin\nio.dll
0x00007ffd5d9f0000 - 0x00007ffd5d9f9000 	C:\Program Files\Java\jdk-21\bin\extnet.dll
0x00007ffd75b70000 - 0x00007ffd75c96000 	C:\WINDOWS\SYSTEM32\DNSAPI.dll
0x00007ffd75ad0000 - 0x00007ffd75b03000 	C:\WINDOWS\SYSTEM32\IPHLPAPI.DLL
0x00007ffd77f20000 - 0x00007ffd77f2a000 	C:\WINDOWS\System32\NSI.dll
0x00007ffd6f8a0000 - 0x00007ffd6f8ab000 	C:\Windows\System32\rasadhlp.dll
0x00007ffd714f0000 - 0x00007ffd71576000 	C:\WINDOWS\System32\fwpuclnt.dll
0x00007ffd5d9b0000 - 0x00007ffd5d9ba000 	C:\Program Files\Java\jdk-21\bin\management.dll
0x00007ffd5d950000 - 0x00007ffd5d95b000 	C:\Program Files\Java\jdk-21\bin\management_ext.dll
0x00007ffd791d0000 - 0x00007ffd791d8000 	C:\WINDOWS\System32\PSAPI.DLL
0x00007ffd768b0000 - 0x00007ffd768cb000 	C:\WINDOWS\SYSTEM32\CRYPTSP.dll
0x00007ffd75fd0000 - 0x00007ffd7600b000 	C:\WINDOWS\system32\rsaenh.dll
0x00007ffd766a0000 - 0x00007ffd766cb000 	C:\WINDOWS\SYSTEM32\USERENV.dll
0x00007ffd771b0000 - 0x00007ffd771d6000 	C:\WINDOWS\SYSTEM32\bcrypt.dll
0x00007ffd768d0000 - 0x00007ffd768dc000 	C:\WINDOWS\SYSTEM32\CRYPTBASE.dll
0x00007ffd527f0000 - 0x00007ffd52808000 	C:\WINDOWS\system32\napinsp.dll
0x00007ffd527d0000 - 0x00007ffd527e2000 	C:\WINDOWS\System32\winrnr.dll
0x00007ffd52740000 - 0x00007ffd52770000 	C:\WINDOWS\system32\nlansp_c.dll
0x00007ffd526b0000 - 0x00007ffd526d0000 	C:\WINDOWS\system32\wshbth.dll
0x00007ffd5a820000 - 0x00007ffd5a86e000 	C:\WINDOWS\SYSTEM32\pdh.dll
0x00007ffd69cd0000 - 0x00007ffd69ce2000 	C:\WINDOWS\System32\perfproc.dll
0x00007ffd52570000 - 0x00007ffd52581000 	C:\WINDOWS\System32\perfos.dll
0x00007ffd75790000 - 0x00007ffd757a2000 	C:\WINDOWS\SYSTEM32\pfclient.dll

dbghelp: loaded successfully - version: 4.0.5 - missing functions: none
symbol engine: initialized successfully - sym options: 0x614 - pdb path: .;C:\Program Files\Java\jdk-21\bin;C:\WINDOWS\SYSTEM32;C:\WINDOWS\WinSxS\amd64_microsoft.windows.common-controls_6595b64144ccf1df_6.0.26100.4484_none_3e0e6d4ce32ef3b3;C:\Program Files\Java\jdk-21\bin\server

VM Arguments:
jvm_args: -XX:TieredStopAtLevel=1 -Dspring.output.ansi.enabled=always -Dcom.sun.management.jmxremote -Dspring.jmx.enabled=true -Dspring.liveBeansView.mbeanDomain -Dspring.application.admin.enabled=true -Dmanagement.endpoints.jmx.exposure.include=* -javaagent:D:\IntelliJ IDEA 2025.2\lib\idea_rt.jar=53353 -Dfile.encoding=UTF-8 -Dsun.stdout.encoding=UTF-8 -Dsun.stderr.encoding=UTF-8 
java_command: org.example.Application
java_class_path (initial): C:\Users\mkjai\IdeaProjects\Endurably-Gamic\target\classes;C:\Users\mkjai\.m2\repository\com\amazonaws\serverless\aws-serverless-java-container-springboot3\2.1.4\aws-serverless-java-container-springboot3-2.1.4.jar;C:\Users\mkjai\.m2\repository\org\springframework\cloud\spring-cloud-function-serverless-web\4.1.5\spring-cloud-function-serverless-web-4.1.5.jar;C:\Users\mkjai\.m2\repository\com\amazonaws\serverless\aws-serverless-java-container-core\2.1.4\aws-serverless-java-container-core-2.1.4.jar;C:\Users\mkjai\.m2\repository\org\slf4j\slf4j-api\2.0.17\slf4j-api-2.0.17.jar;C:\Users\mkjai\.m2\repository\org\projectlombok\lombok\1.18.38\lombok-1.18.38.jar;C:\Users\mkjai\.m2\repository\org\springframework\boot\spring-boot-starter-data-jpa\3.4.5\spring-boot-starter-data-jpa-3.4.5.jar;C:\Users\mkjai\.m2\repository\org\springframework\boot\spring-boot-starter\3.4.5\spring-boot-starter-3.4.5.jar;C:\Users\mkjai\.m2\repository\org\springframework\boot\spring-boot\3.4.5\spring-boot-3.4.5.jar;C:\Users\mkjai\.m2\repository\org\springframework\boot\spring-boot-autoconfigure\3.4.5\spring-boot-autoconfigure-3.4.5.jar;C:\Users\mkjai\.m2\repository\org\springframework\boot\spring-boot-starter-logging\3.4.5\spring-boot-starter-logging-3.4.5.jar;C:\Users\mkjai\.m2\repository\ch\qos\logback\logback-classic\1.5.18\logback-classic-1.5.18.jar;C:\Users\mkjai\.m2\repository\ch\qos\logback\logback-core\1.5.18\logback-core-1.5.18.jar;C:\Users\mkjai\.m2\repository\org\apache\logging\log4j\log4j-to-slf4j\2.24.3\log4j-to-slf4j-2.24.3.jar;C:\Users\mkjai\.m2\repository\org\apache\logging\log4j\log4j-api\2.24.3\log4j-api-2.24.3.jar;C:\Users\mkjai\.m2\repository\org\slf4j\jul-to-slf4j\2.0.17\jul-to-slf4j-2.0.17.jar;C:\Users\mkjai\.m2\repository\jakarta\annotation\jakarta.annotation-api\2.1.1\jakarta.annotation-api-2.1.1.jar;C:\Users\mkjai\.m2\repository\org\springframework\spring-core\6.2.6\spring-core-6.2.6.jar;C:\Users\mkjai\.m2\repository\org\springframework\spring-jcl\6.2.6\spring-jcl-6.2.6.jar;C:\Users\mkjai\.m2\repository\org\yaml\snakeyaml\2.3\snakeyaml-2.3.jar;C:\Users\mkjai\.m2\repository\org\springframework\boot\spring-boot-starter-jdbc\3.4.5\spring-boot-starter-jdbc-3.4.5.jar;C:\Users\mkjai\.m2\repository\com\zaxxer\HikariCP\5.1.0\HikariCP-5.1.0.jar;C:\Users\mkjai\.m2\repository\org\springframework\spring-jdbc\6.2.6\spring-jdbc-6.2.6.jar;C:\Users\mkjai\.m2\repository\org\hibernate\orm\hibernate-core\6.6.13.Final\hibernate-core-6.6.13.Final.jar;C:\Users\mkjai\.m2\repository\jakarta\persistence\jakarta.persistence-api\3.1.0\jakarta.persistence-api-3.1.0.jar;C:\Users\mkjai\.m2\repository\jakarta\transaction\jakarta.transaction-api\2.0.1\jakarta.transaction-api-2.0.1.jar;C:\Users\mkjai\.m2\repository\org\jboss\logging\jboss-logging\3.6.1.Final\jboss-logging-3.6.1.Final.jar;C:\Users\mkjai\.m2\repository\org\hibernate\common\hibernate-commons-annotations\7.0.3.Final\hibernate-commons-annotations-7.0.3.Final.jar;C:\Users\mkjai\.m2\repository\io\smallrye\jandex\3.2.0\jandex-3.2.0.jar;C:\Users\mkjai\.m2\repository\com\fasterxml\classmate\1.7.0\classmate-1.7.0.jar;C:\Users\mkjai\.m2\repository\net\bytebuddy\byte-buddy\1.15.11\byte-buddy-1.15.11.jar;C:\Users\mkjai\.m2\repository\jakarta\xml\bind\jakarta.xml.bind-api\4.0.2\jakarta.xml.bind-api-4.0.2.jar;C:\Users\mkjai\.m2\repository\jakarta\activation\jakarta.activation-api\2.1.3\jakarta.activation-api-2.1.3.jar;C:\Users\mkjai\.m2\repository\org\glassfish\jaxb\jaxb-runtime\4.0.5\jaxb-runtime-4.0.5.jar;C:\Users\mkjai\.m2\repository\org\glassfish\jaxb\jaxb-core\4.0.5\jaxb-core-4.0.5.jar;C:\Users\mkjai\.m2\repository\org\eclipse\angus\angus-activation\2.0.2\angus-activation-2.0.2.jar;C:\Users\mkjai\.m2\repository\org\glassfish\jaxb\txw2\4.0.5\txw2-4.0.5.jar;C:\Users\mkjai\.m2\repository\com\sun\istack\istack-commons-runtime\4.1.2\istack-commons-runtime-4.1.2.jar;C:\Users\mkjai\.m2\repository\jakarta\inject\jakarta.inject-api\2.0.1\jakarta.inject-api-2.0.1.jar;C:\Users\mkjai\.m2\repository\org\antlr\antlr4-runtime\4.13.0\antlr4-runtime-4.13.0.jar;C:\Users\mkjai\.m2\repository\org\springframework\data\spring-data-jpa\3.4.5\spring-data-jpa-3.4.5.jar;C:\Users\mkjai\.m2\repository\org\springframework\data\spring-data-commons\3.4.5\spring-data-commons-3.4.5.jar;C:\Users\mkjai\.m2\repository\org\springframework\spring-orm\6.2.6\spring-orm-6.2.6.jar;C:\Users\mkjai\.m2\repository\org\springframework\spring-context\6.2.6\spring-context-6.2.6.jar;C:\Users\mkjai\.m2\repository\org\springframework\spring-tx\6.2.6\spring-tx-6.2.6.jar;C:\Users\mkjai\.m2\repository\org\springframework\spring-beans\6.2.6\spring-beans-6.2.6.jar;C:\Users\mkjai\.m2\repository\org\springframework\spring-aspects\6.2.6\spring-aspects-6.2.6.jar;C:\Users\mkjai\.m2\repository\org\aspectj\aspectjweaver\1.9.24\aspectjweaver-1.9.24.jar;C:\Users\mkjai\.m2\repository\org\springframework\boot\spring-boot-starter-security\3.4.5\spring-boot-starter-security-3.4.5.jar;C:\Users\mkjai\.m2\repository\org\springframework\spring-aop\6.2.6\spring-aop-6.2.6.jar;C:\Users\mkjai\.m2\repository\org\springframework\security\spring-security-config\6.4.5\spring-security-config-6.4.5.jar;C:\Users\mkjai\.m2\repository\org\springframework\security\spring-security-core\6.4.5\spring-security-core-6.4.5.jar;C:\Users\mkjai\.m2\repository\org\springframework\security\spring-security-crypto\6.4.5\spring-security-crypto-6.4.5.jar;C:\Users\mkjai\.m2\repository\org\springframework\security\spring-security-web\6.4.5\spring-security-web-6.4.5.jar;C:\Users\mkjai\.m2\repository\org\springframework\spring-expression\6.2.6\spring-expression-6.2.6.jar;C:\Users\mkjai\.m2\repository\org\springframework\boot\spring-boot-starter-validation\3.4.5\spring-boot-starter-validation-3.4.5.jar;C:\Users\mkjai\.m2\repository\org\apache\tomcat\embed\tomcat-embed-el\10.1.40\tomcat-embed-el-10.1.40.jar;C:\Users\mkjai\.m2\repository\org\hibernate\validator\hibernate-validator\8.0.2.Final\hibernate-validator-8.0.2.Final.jar;C:\Users\mkjai\.m2\repository\jakarta\validation\jakarta.validation-api\3.0.2\jakarta.validation-api-3.0.2.jar;C:\Users\mkjai\.m2\repository\com\h2database\h2\2.3.232\h2-2.3.232.jar;C:\Users\mkjai\.m2\repository\org\springframework\boot\spring-boot-starter-cache\3.4.5\spring-boot-starter-cache-3.4.5.jar;C:\Users\mkjai\.m2\repository\org\springframework\spring-context-support\6.2.6\spring-context-support-6.2.6.jar;C:\Users\mkjai\.m2\repository\io\jsonwebtoken\jjwt-api\0.11.5\jjwt-api-0.11.5.jar;C:\Users\mkjai\.m2\repository\io\jsonwebtoken\jjwt-impl\0.11.5\jjwt-impl-0.11.5.jar;C:\Users\mkjai\.m2\repository\io\jsonwebtoken\jjwt-jackson\0.11.5\jjwt-jackson-0.11.5.jar;C:\Users\mkjai\.m2\repository\com\fasterxml\jackson\core\jackson-databind\2.18.3\jackson-databind-2.18.3.jar;C:\Users\mkjai\.m2\repository\com\fasterxml\jackson\core\jackson-annotations\2.18.3\jackson-annotations-2.18.3.jar;C:\Users\mkjai\.m2\repository\com\fasterxml\jackson\core\jackson-core\2.18.3\jackson-core-2.18.3.jar;C:\Users\mkjai\.m2\repository\org\springframework\boot\spring-boot-starter-actuator\3.4.5\spring-boot-starter-actuator-3.4.5.jar;C:\Users\mkjai\.m2\repository\org\springframework\boot\spring-boot-actuator-autoconfigure\3.4.5\spring-boot-actuator-autoconfigure-3.4.5.jar;C:\Users\mkjai\.m2\repository\org\springframework\boot\spring-boot-actuator\3.4.5\spring-boot-actuator-3.4.5.jar;C:\Users\mkjai\.m2\repository\com\fasterxml\jackson\datatype\jackson-datatype-jsr310\2.18.3\jackson-datatype-jsr310-2.18.3.jar;C:\Users\mkjai\.m2\repository\io\micrometer\micrometer-observation\1.14.6\micrometer-observation-1.14.6.jar;C:\Users\mkjai\.m2\repository\io\micrometer\micrometer-commons\1.14.6\micrometer-commons-1.14.6.jar;C:\Users\mkjai\.m2\repository\io\micrometer\micrometer-jakarta9\1.14.6\micrometer-jakarta9-1.14.6.jar;C:\Users\mkjai\.m2\repository\io\micrometer\micrometer-core\1.14.6\micrometer-core-1.14.6.jar;C:\Users\mkjai\.m2\repository\org\hdrhistogram\HdrHistogram\2.2.2\HdrHistogram-2.2.2.jar;C:\Users\mkjai\.m2\repository\org\latencyutils\LatencyUtils\2.0.3\LatencyUtils-2.0.3.jar;C:\Users\mkjai\.m2\repository\software\amazon\awssdk\s3\2.26.11\s3-2.26.11.jar;C:\Users\mkjai\.m2\repository\software\amazon\awssdk\aws-xml-protocol\2.26.11\aws-xml-protocol-2.26.11.jar;C:\Users\mkjai\.m2\repository\software\amazon\awssdk\aws-query-protocol\2.26.11\aws-query-protocol-2.26.11.jar;C:\Users\mkjai\.m2\repository\software\amazon\awssdk\protocol-core\2.26.11\protocol-core-2.26.11.jar;C:\Users\mkjai\.m2\repository\software\amazon\awssdk\arns\2.26.11\arns-2.26.11.jar;C:\Users\mkjai\.m2\repository\software\amazon\awssdk\profiles\2.26.11\profiles-2.26.11.jar;C:\Users\mkjai\.m2\repository\software\amazon\awssdk\crt-core\2.26.11\crt-core-2.26.11.jar;C:\Users\mkjai\.m2\repository\software\amazon\awssdk\http-auth\2.26.11\http-auth-2.26.11.jar;C:\Users\mkjai\.m2\repository\software\amazon\awssdk\identity-spi\2.26.11\identity-spi-2.26.11.jar;C:\Users\mkjai\.m2\repository\software\amazon\awssdk\http-auth-spi\2.26.11\http-auth-spi-2.26.11.jar;C:\Users\mkjai\.m2\repository\org\reactivestreams\reactive-streams\1.0.4\reactive-streams-1.0.4.jar;C:\Users\mkjai\.m2\repository\software\amazon\awssdk\http-auth-aws\2.26.11\http-auth-aws-2.26.11.jar;C:\Users\mkjai\.m2\repository\software\amazon\awssdk\checksums\2.26.11\checksums-2.26.11.jar;C:\Users\mkjai\.m2\repository\software\amazon\awssdk\checksums-spi\2.26.11\checksums-spi-2.26.11.jar;C:\Users\mkjai\.m2\repository\software\amazon\awssdk\retries-spi\2.26.11\retries-spi-2.26.11.jar;C:\Users\mkjai\.m2\repository\software\amazon\awssdk\sdk-core\2.26.11\sdk-core-2.26.11.jar;C:\Users\mkjai\.m2\repository\software\amazon\awssdk\retries\2.26.11\retries-2.26.11.jar;C:\Users\mkjai\.m2\repository\software\amazon\awssdk\auth\2.26.11\auth-2.26.11.jar;C:\Users\mkjai\.m2\repository\software\amazon\eventstream\eventstream\1.0.1\eventstream-1.0.1.jar;C:\Users\mkjai\.m2\repository\software\amazon\awssdk\http-client-spi\2.26.11\http-client-spi-2.26.11.jar;C:\Users\mkjai\.m2\repository\software\amazon\awssdk\regions\2.26.11\regions-2.26.11.jar;C:\Users\mkjai\.m2\repository\software\amazon\awssdk\annotations\2.26.11\annotations-2.26.11.jar;C:\Users\mkjai\.m2\repository\software\amazon\awssdk\utils\2.26.11\utils-2.26.11.jar;C:\Users\mkjai\.m2\repository\software\amazon\awssdk\aws-core\2.26.11\aws-core-2.26.11.jar;C:\Users\mkjai\.m2\repository\software\amazon\awssdk\metrics-spi\2.26.11\metrics-spi-2.26.11.jar;C:\Users\mkjai\.m2\repository\software\amazon\awssdk\json-utils\2.26.11\json-utils-2.26.11.jar;C:\Users\mkjai\.m2\repository\software\amazon\awssdk\third-party-jackson-core\2.26.11\third-party-jackson-core-2.26.11.jar;C:\Users\mkjai\.m2\repository\software\amazon\awssdk\endpoints-spi\2.26.11\endpoints-spi-2.26.11.jar;C:\Users\mkjai\.m2\repository\software\amazon\awssdk\apache-client\2.26.11\apache-client-2.26.11.jar;C:\Users\mkjai\.m2\repository\commons-codec\commons-codec\1.17.2\commons-codec-1.17.2.jar;C:\Users\mkjai\.m2\repository\software\amazon\awssdk\netty-nio-client\2.26.11\netty-nio-client-2.26.11.jar;C:\Users\mkjai\.m2\repository\io\netty\netty-codec-http\4.1.119.Final\netty-codec-http-4.1.119.Final.jar;C:\Users\mkjai\.m2\repository\io\netty\netty-codec-http2\4.1.119.Final\netty-codec-http2-4.1.119.Final.jar;C:\Users\mkjai\.m2\repository\io\netty\netty-codec\4.1.119.Final\netty-codec-4.1.119.Final.jar;C:\Users\mkjai\.m2\repository\io\netty\netty-transport\4.1.119.Final\netty-transport-4.1.119.Final.jar;C:\Users\mkjai\.m2\repository\io\netty\netty-common\4.1.119.Final\netty-common-4.1.119.Final.jar;C:\Users\mkjai\.m2\repository\io\netty\netty-buffer\4.1.119.Final\netty-buffer-4.1.119.Final.jar;C:\Users\mkjai\.m2\repository\io\netty\netty-handler\4.1.119.Final\netty-handler-4.1.119.Final.jar;C:\Users\mkjai\.m2\repository\io\netty\netty-transport-native-unix-common\4.1.119.Final\netty-transport-native-unix-common-4.1.119.Final.jar;C:\Users\mkjai\.m2\repository\io\netty\netty-transport-classes-epoll\4.1.119.Final\netty-transport-classes-epoll-4.1.119.Final.jar;C:\Users\mkjai\.m2\repository\io\netty\netty-resolver\4.1.119.Final\netty-resolver-4.1.119.Final.jar;C:\Users\mkjai\.m2\repository\com\amazonaws\aws-lambda-java-core\1.2.3\aws-lambda-java-core-1.2.3.jar;C:\Users\mkjai\.m2\repository\jakarta\servlet\jakarta.servlet-api\6.0.0\jakarta.servlet-api-6.0.0.jar;C:\Users\mkjai\.m2\repository\jakarta\ws\rs\jakarta.ws.rs-api\3.1.0\jakarta.ws.rs-api-3.1.0.jar;C:\Users\mkjai\.m2\repository\com\fasterxml\jackson\module\jackson-module-afterburner\2.18.3\jackson-module-afterburner-2.18.3.jar;C:\Users\mkjai\.m2\repository\org\apache\commons\commons-fileupload2-jakarta-servlet6\2.0.0-M4\commons-fileupload2-jakarta-servlet6-2.0.0-M4.jar;C:\Users\mkjai\.m2\repository\org\apache\commons\commons-fileupload2-core\2.0.0-M4\commons-fileupload2-core-2.0.0-M4.jar;C:\Users\mkjai\.m2\repository\commons-io\commons-io\2.19.0\commons-io-2.19.0.jar;C:\Users\mkjai\.m2\repository\org\springframework\boot\spring-boot-starter-web\3.4.5\spring-boot-starter-web-3.4.5.jar;C:\Users\mkjai\.m2\repository\org\springframework\boot\spring-boot-starter-json\3.4.5\spring-boot-starter-json-3.4.5.jar;C:\Users\mkjai\.m2\repository\com\fasterxml\jackson\datatype\jackson-datatype-jdk8\2.18.3\jackson-datatype-jdk8-2.18.3.jar;C:\Users\mkjai\.m2\repository\com\fasterxml\jackson\module\jackson-module-parameter-names\2.18.3\jackson-module-parameter-names-2.18.3.jar;C:\Users\mkjai\.m2\repository\org\springframework\boot\spring-boot-starter-tomcat\3.4.5\spring-boot-starter-tomcat-3.4.5.jar;C:\Users\mkjai\.m2\repository\org\apache\tomcat\embed\tomcat-embed-core\10.1.40\tomcat-embed-core-10.1.40.jar;C:\Users\mkjai\.m2\repository\org\apache\tomcat\embed\tomcat-embed-websocket\10.1.40\tomcat-embed-websocket-10.1.40.jar;C:\Users\mkjai\.m2\repository\org\springframework\spring-web\6.2.6\spring-web-6.2.6.jar;C:\Users\mkjai\.m2\repository\org\springframework\spring-webmvc\6.2.6\spring-webmvc-6.2.6.jar;C:\Users\mkjai\.m2\repository\org\springframework\boot\spring-boot-starter-data-mongodb\3.4.5\spring-boot-starter-data-mongodb-3.4.5.jar;C:\Users\mkjai\.m2\repository\org\mongodb\mongodb-driver-sync\5.2.1\mongodb-driver-sync-5.2.1.jar;C:\Users\mkjai\.m2\repository\org\mongodb\bson\5.2.1\bson-5.2.1.jar;C:\Users\mkjai\.m2\repository\org\mongodb\mongodb-driver-core\5.2.1\mongodb-driver-core-5.2.1.jar;C:\Users\mkjai\.m2\repository\org\mongodb\bson-record-codec\5.2.1\bson-record-codec-5.2.1.jar;C:\Users\mkjai\.m2\repository\org\springframework\data\spring-data-mongodb\4.4.5\spring-data-mongodb-4.4.5.jar;C:\Users\mkjai\.m2\repository\com\google\api-client\google-api-client\1.35.2\google-api-client-1.35.2.jar;C:\Users\mkjai\.m2\repository\com\google\oauth-client\google-oauth-client\1.34.1\google-oauth-client-1.34.1.jar;C:\Users\mkjai\.m2\repository\com\google\http-client\google-http-client-gson\1.42.0\google-http-client-gson-1.42.0.jar;C:\Users\mkjai\.m2\repository\com\google\code\gson\gson\2.11.0\gson-2.11.0.jar;C:\Users\mkjai\.m2\repository\com\google\guava\guava\31.1-jre\guava-31.1-jre.jar;C:\Users\mkjai\.m2\repository\com\google\guava\failureaccess\1.0.1\failureaccess-1.0.1.jar;C:\Users\mkjai\.m2\repository\com\google\guava\listenablefuture\9999.0-empty-to-avoid-conflict-with-guava\listenablefuture-9999.0-empty-to-avoid-conflict-with-guava.jar;C:\Users\mkjai\.m2\repository\com\google\code\findbugs\jsr305\3.0.2\jsr305-3.0.2.jar;C:\Users\mkjai\.m2\repository\com\google\j2objc\j2objc-annotations\1.3\j2objc-annotations-1.3.jar;C:\Users\mkjai\.m2\repository\com\google\http-client\google-http-client-apache-v2\1.42.0\google-http-client-apache-v2-1.42.0.jar;C:\Users\mkjai\.m2\repository\org\apache\httpcomponents\httpcore\4.4.16\httpcore-4.4.16.jar;C:\Users\mkjai\.m2\repository\org\apache\httpcomponents\httpclient\4.5.13\httpclient-4.5.13.jar;C:\Users\mkjai\.m2\repository\commons-logging\commons-logging\1.2\commons-logging-1.2.jar;C:\Users\mkjai\.m2\repository\com\google\http-client\google-http-client\1.42.0\google-http-client-1.42.0.jar;C:\Users\mkjai\.m2\repository\io\opencensus\opencensus-api\0.31.1\opencensus-api-0.31.1.jar;C:\Users\mkjai\.m2\repository\io\grpc\grpc-context\1.27.2\grpc-context-1.27.2.jar;C:\Users\mkjai\.m2\repository\io\opencensus\opencensus-contrib-http-util\0.31.1\opencensus-contrib-http-util-0.31.1.jar;C:\Users\mkjai\.m2\repository\com\google\apis\google-api-services-youtube\v3-rev222-1.25.0\google-api-services-youtube-v3-rev222-1.25.0.jar;C:\Users\mkjai\.m2\repository\com\github\ben-manes\caffeine\caffeine\3.1.8\caffeine-3.1.8.jar;C:\Users\mkjai\.m2\repository\org\checkerframework\checker-qual\3.37.0\checker-qual-3.37.0.jar;C:\Users\mkjai\.m2\repository\com\google\errorprone\error_prone_annotations\2.21.1\error_prone_annotations-2.21.1.jar;C:\Users\mkjai\.m2\repository\org\jetbrains\annotations\26.0.2\annotations-26.0.2.jar
Launcher Type: SUN_STANDARD

[Global flags]
     intx CICompilerCount                          = 4                                         {product} {ergonomic}
     uint ConcGCThreads                            = 3                                         {product} {ergonomic}
     uint G1ConcRefinementThreads                  = 10                                        {product} {ergonomic}
   size_t G1HeapRegionSize                         = 1048576                                   {product} {ergonomic}
    uintx GCDrainStackTargetSize                   = 64                                        {product} {ergonomic}
   size_t InitialHeapSize                          = 123731968                                 {product} {ergonomic}
     bool ManagementServer                         = true                                      {product} {command line}
   size_t MarkStackSize                            = 4194304                                   {product} {ergonomic}
   size_t MaxHeapSize                              = 1967128576                                {product} {ergonomic}
   size_t MaxNewSize                               = 1179648000                                {product} {ergonomic}
   size_t MinHeapDeltaBytes                        = 1048576                                   {product} {ergonomic}
   size_t MinHeapSize                              = 8388608                                   {product} {ergonomic}
    uintx NonNMethodCodeHeapSize                   = 4096                                   {pd product} {ergonomic}
    uintx NonProfiledCodeHeapSize                  = 0                                      {pd product} {ergonomic}
     bool ProfileInterpreter                       = false                                  {pd product} {command line}
    uintx ProfiledCodeHeapSize                     = 0                                      {pd product} {ergonomic}
   size_t SoftMaxHeapSize                          = 1967128576                             {manageable} {ergonomic}
     intx TieredStopAtLevel                        = 1                                         {product} {command line}
     bool UseCompressedOops                        = true                           {product lp64_product} {ergonomic}
     bool UseG1GC                                  = true                                      {product} {ergonomic}
     bool UseLargePagesIndividualAllocation        = false                                  {pd product} {ergonomic}

Logging:
Log output configuration:
 #0: stdout all=warning uptime,level,tags foldmultilines=false
 #1: stderr all=off uptime,level,tags foldmultilines=false

Environment Variables:
JAVA_HOME=C:\Program Files\Java\jdk-17
PATH=C:\Program Files\Java\jdk-17\bin;C:\Program Files\Java\jdk-17\bin;C:\Users\mkjai\Downloads\maven-mvnd-1.0.2-windows-amd64\maven-mvnd-1.0.2-windows-amd64\mvn\bin;C:\Users\mkjai\Downloads\platform-tools-latest-windows\platform-tools;C:\Users\mkjai\Downloads\flutter_windows_3.27.1-stable\flutter\bin;C:\Python312\Scripts\;C:\Python312\;C:\Users\mkjai\mingw32\bin;C:\Program Files\Common Files\Oracle\Java\javapath;C:\Program Files (x86)\Common Files\Oracle\Java\java8path;C:\Program Files (x86)\Common Files\Oracle\Java\javapath;C:\WINDOWS\system32;C:\WINDOWS;C:\WINDOWS\System32\Wbem;C:\WINDOWS\System32\WindowsPowerShell\v1.0\;C:\WINDOWS\System32\OpenSSH\;C:\Program Files (x86)\Microsoft SQL Server\160\Tools\Binn\;C:\Program Files\Microsoft SQL Server\160\Tools\Binn\;C:\Program Files\Microsoft SQL Server\Client SDK\ODBC\170\Tools\Binn\;C:\Program Files\Microsoft SQL Server\160\DTS\Binn\;C:\Program Files (x86)\Microsoft SQL Server\160\DTS\Binn\;C:\Program Files\Azure Data Studio\bin;C:\Program Files\Microsoft SQL Server\150\Tools\Binn\;C:\ProgramData\chocolatey\bin;C:\Program Files\nodejs;C:\Program Files\Git\cmd;D:\Putty\;;C:\Program Files\Docker\Docker\resources\bin;C:\Program Files\nodejs\;C:\Program Files\Java\jdk-17\bin;C:\Program Files\Java\jdk-17\bin;C:\Program Files\Java\jdk-17\bin;C:\Users\mkjai\Downloads\maven-mvnd-1.0.2-windows-amd64\maven-mvnd-1.0.2-windows-amd64\mvn\bin;C:\Users\mkjai\Downloads\platform-tools-latest-windows\platform-tools;C:\Users\mkjai\Downloads\flutter_windows_3.27.1-stable\flutter\bin;C:\Python312\Scripts\;C:\Python312\;C:\Users\mkjai\mingw32\bin;C:\Program Files\Common Files\Oracle\Java\javapath;C:\Program Files (x86)\Common Files\Oracle\Java\java8path;C:\Program Files (x86)\Common Files\Oracle\Java\javapath;C:\WINDOWS\system32;C:\WINDOWS;C:\WINDOWS\System32\Wbem;C:\WINDOWS\System32\WindowsPowerShell\v1.0\;C:\WINDOWS\System32\OpenSSH\;C:\Program Files (x86)\Microsoft SQL Server\160\Tools\Binn\;C:\Program Files\Microsoft SQL Server\160\Tools\Binn\;C:\Program Files\Microsoft SQL Server\Client SDK\ODBC\170\Tools\Binn\;C:\Program Files\Microsoft SQL Server\160\DTS\Binn\;C:\Program Files (x86)\Microsoft SQL Server\160\DTS\Binn\;C:\Program Files\Azure Data Studio\bin;C:\Program Files\Microsoft SQL Server\150\Tools\Binn\;C:\ProgramData\chocolatey\bin;C:\Program Files\nodejs;C:\Program Files\Git\cmd;D:\Putty\;;C:\Program Files\Docker\Docker\resources\bin;C:\Program Files\nodejs\;C:\Users\mkjai\AppData\Local\Programs\Microsoft VS Code\bin;C:\Users\mkjai\AppData\Local\Microsoft\WindowsApps;C:\Users\mkjai\AppData\Roaming\npm
USERNAME=mkjai
OS=Windows_NT
PROCESSOR_IDENTIFIER=AMD64 Family 23 Model 104 Stepping 1, AuthenticAMD
TMP=C:\Users\mkjai\AppData\Local\Temp
TEMP=C:\Users\mkjai\AppData\Local\Temp




Periodic native trim disabled

---------------  S Y S T E M  ---------------

OS:
 Windows 11 , 64 bit Build 26100 (10.0.26100.4484)
OS uptime: 8 days 4:20 hours
Hyper-V role detected

CPU: total 12 (initial active 12) (12 cores per cpu, 2 threads per core) family 23 model 104 stepping 1 microcode 0x8608104, cx8, cmov, fxsr, ht, mmx, 3dnowpref, sse, sse2, sse3, ssse3, sse4a, sse4.1, sse4.2, popcnt, lzcnt, tsc, tscinvbit, avx, avx2, aes, clmul, bmi1, bmi2, adx, sha, fma, vzeroupper, clflush, clflushopt, hv, rdtscp, rdpid, f16c
Processor Information for processor 0
  Max Mhz: 2100, Current Mhz: 2100, Mhz Limit: 2100
Processor Information for processor 1
  Max Mhz: 2100, Current Mhz: 2100, Mhz Limit: 2100
Processor Information for processor 2
  Max Mhz: 2100, Current Mhz: 1988, Mhz Limit: 2100
Processor Information for processor 3
  Max Mhz: 2100, Current Mhz: 2100, Mhz Limit: 2100
Processor Information for processor 4
  Max Mhz: 2100, Current Mhz: 2100, Mhz Limit: 2100
Processor Information for processor 5
  Max Mhz: 2100, Current Mhz: 1988, Mhz Limit: 2100
Processor Information for processor 6
  Max Mhz: 2100, Current Mhz: 1988, Mhz Limit: 2100
Processor Information for processor 7
  Max Mhz: 2100, Current Mhz: 1988, Mhz Limit: 2100
Processor Information for processor 8
  Max Mhz: 2100, Current Mhz: 1988, Mhz Limit: 2100
Processor Information for processor 9
  Max Mhz: 2100, Current Mhz: 2100, Mhz Limit: 2100
Processor Information for processor 10
  Max Mhz: 2100, Current Mhz: 1988, Mhz Limit: 2100
Processor Information for processor 11
  Max Mhz: 2100, Current Mhz: 2100, Mhz Limit: 2100

Memory: 4k page, system-wide physical 7502M (550M free)
TotalPageFile size 30030M (AvailPageFile size 1M)
current process WorkingSet (physical memory assigned to process): 149M, peak: 151M
current process commit charge ("private bytes"): 252M, peak: 253M

vm_info: Java HotSpot(TM) 64-Bit Server VM (21.0.3+7-LTS-152) for windows-amd64 JRE (21.0.3+7-LTS-152), built on 2024-03-11T17:42:26Z by "mach5one" with MS VC++ 17.6 (VS2022)

END.
